This file contains any messages produced by compilers while
running configure, to aid debugging if configure makes a mistake.

It was created by TILP2 configure 1.17, which was
generated by GNU Autoconf 2.69.  Invocation command line was

  $ ./configure 

## --------- ##
## Platform. ##
## --------- ##

hostname = MaxStandPC_Arch
uname -m = x86_64
uname -r = 4.4.5-1-ARCH
uname -s = Linux
uname -v = #1 SMP PREEMPT Thu Mar 10 07:38:19 CET 2016

/usr/bin/uname -p = unknown
/bin/uname -X     = unknown

/bin/arch              = unknown
/usr/bin/arch -k       = unknown
/usr/convex/getsysinfo = unknown
/usr/bin/hostinfo      = unknown
/bin/machine           = unknown
/usr/bin/oslevel       = unknown
/bin/universe          = unknown

PATH: ~/.cargo/bin
PATH: /home/maximaximal/.gem/ruby/2.3.0/bin
PATH: /home/maximaximal/bin
PATH: /usr/local/bin
PATH: /usr/local/sbin
PATH: /usr/local/bin
PATH: /usr/bin
PATH: /opt/android-ndk
PATH: /opt/android-sdk/platform-tools
PATH: /opt/android-sdk/tools
PATH: /opt/cuda/bin
PATH: /usr/lib/jvm/default/bin
PATH: /opt/opencascade/bin
PATH: /usr/bin/site_perl
PATH: /usr/bin/vendor_perl
PATH: /usr/bin/core_perl


## ----------- ##
## Core tests. ##
## ----------- ##

configure:2861: checking for a BSD-compatible install
configure:2929: result: /usr/bin/install -c
configure:2944: checking for -p flag to install
configure:2957: result: yes
configure:2968: checking whether build environment is sane
configure:3018: result: yes
configure:3159: checking for a thread-safe mkdir -p
configure:3198: result: /usr/bin/mkdir -p
configure:3211: checking for gawk
configure:3227: found /usr/bin/gawk
configure:3238: result: gawk
configure:3249: checking whether make sets $(MAKE)
configure:3271: result: yes
configure:3352: checking whether to enable maintainer-specific portions of Makefiles
configure:3361: result: no
configure:3385: checking for something to drink while compiling
configure:3387: result: err: no fridge found!
configure:3426: checking build system type
configure:3440: result: x86_64-unknown-linux-gnu
configure:3460: checking host system type
configure:3473: result: x86_64-unknown-linux-gnu
configure:3842: checking how to print strings
configure:3869: result: printf
configure:3902: checking for style of include used by make
configure:3930: result: GNU
configure:4001: checking for gcc
configure:4017: found /usr/bin/gcc
configure:4028: result: gcc
configure:4257: checking for C compiler version
configure:4266: gcc --version >&5
gcc (GCC) 5.3.0
Copyright (C) 2015 Free Software Foundation, Inc.
This is free software; see the source for copying conditions.  There is NO
warranty; not even for MERCHANTABILITY or FITNESS FOR A PARTICULAR PURPOSE.

configure:4277: $? = 0
configure:4266: gcc -v >&5
Using built-in specs.
COLLECT_GCC=gcc
COLLECT_LTO_WRAPPER=/usr/lib/gcc/x86_64-unknown-linux-gnu/5.3.0/lto-wrapper
Target: x86_64-unknown-linux-gnu
Configured with: /build/gcc-multilib/src/gcc-5-20160209/configure --prefix=/usr --libdir=/usr/lib --libexecdir=/usr/lib --mandir=/usr/share/man --infodir=/usr/share/info --with-bugurl=https://bugs.archlinux.org/ --enable-languages=c,c++,ada,fortran,go,lto,objc,obj-c++ --enable-shared --enable-threads=posix --enable-libmpx --with-system-zlib --with-isl --enable-__cxa_atexit --disable-libunwind-exceptions --enable-clocale=gnu --disable-libstdcxx-pch --disable-libssp --enable-gnu-unique-object --enable-linker-build-id --enable-lto --enable-plugin --enable-install-libiberty --with-linker-hash-style=gnu --enable-gnu-indirect-function --enable-multilib --disable-werror --enable-checking=release
Thread model: posix
gcc version 5.3.0 (GCC) 
configure:4277: $? = 0
configure:4266: gcc -V >&5
gcc: error: unrecognized command line option '-V'
gcc: fatal error: no input files
compilation terminated.
configure:4277: $? = 1
configure:4266: gcc -qversion >&5
gcc: error: unrecognized command line option '-qversion'
gcc: fatal error: no input files
compilation terminated.
configure:4277: $? = 1
configure:4297: checking whether the C compiler works
configure:4319: gcc    conftest.c  >&5
configure:4323: $? = 0
configure:4371: result: yes
configure:4374: checking for C compiler default output file name
configure:4376: result: a.out
configure:4382: checking for suffix of executables
configure:4389: gcc -o conftest    conftest.c  >&5
configure:4393: $? = 0
configure:4415: result: 
configure:4437: checking whether we are cross compiling
configure:4445: gcc -o conftest    conftest.c  >&5
configure:4449: $? = 0
configure:4456: ./conftest
configure:4460: $? = 0
configure:4475: result: no
configure:4480: checking for suffix of object files
configure:4502: gcc -c   conftest.c >&5
configure:4506: $? = 0
configure:4527: result: o
configure:4531: checking whether we are using the GNU C compiler
configure:4550: gcc -c   conftest.c >&5
configure:4550: $? = 0
configure:4559: result: yes
configure:4568: checking whether gcc accepts -g
configure:4588: gcc -c -g  conftest.c >&5
configure:4588: $? = 0
configure:4629: result: yes
configure:4646: checking for gcc option to accept ISO C89
configure:4709: gcc  -c -g -O2  conftest.c >&5
configure:4709: $? = 0
configure:4722: result: none needed
configure:4744: checking dependency style of gcc
configure:4855: result: gcc3
configure:4870: checking for a sed that does not truncate output
configure:4934: result: /usr/bin/sed
configure:4952: checking for grep that handles long lines and -e
configure:5010: result: /usr/bin/grep
configure:5015: checking for egrep
configure:5077: result: /usr/bin/grep -E
configure:5082: checking for fgrep
configure:5144: result: /usr/bin/grep -F
configure:5179: checking for ld used by gcc
configure:5246: result: /usr/bin/ld
configure:5253: checking if the linker (/usr/bin/ld) is GNU ld
configure:5268: result: yes
configure:5280: checking for BSD- or MS-compatible name lister (nm)
configure:5329: result: /usr/bin/nm -B
configure:5459: checking the name lister (/usr/bin/nm -B) interface
configure:5466: gcc -c -g -O2  conftest.c >&5
configure:5469: /usr/bin/nm -B "conftest.o"
configure:5472: output
0000000000000000 B some_variable
configure:5479: result: BSD nm
configure:5482: checking whether ln -s works
configure:5486: result: yes
configure:5494: checking the maximum length of command line arguments
configure:5625: result: 1572864
configure:5642: checking whether the shell understands some XSI constructs
configure:5652: result: yes
configure:5656: checking whether the shell understands "+="
configure:5662: result: yes
configure:5697: checking how to convert x86_64-unknown-linux-gnu file names to x86_64-unknown-linux-gnu format
configure:5737: result: func_convert_file_noop
configure:5744: checking how to convert x86_64-unknown-linux-gnu file names to toolchain format
configure:5764: result: func_convert_file_noop
configure:5771: checking for /usr/bin/ld option to reload object files
configure:5778: result: -r
configure:5852: checking for objdump
configure:5879: result: objdump
configure:5908: checking how to recognize dependent libraries
configure:6106: result: pass_all
configure:6191: checking for dlltool
configure:6218: result: dlltool
configure:6248: checking how to associate runtime and link libraries
configure:6275: result: printf %s\n
configure:6336: checking for ar
configure:6352: found /usr/bin/ar
configure:6363: result: ar
configure:6400: checking for archiver @FILE support
configure:6417: gcc -c -g -O2  conftest.c >&5
configure:6417: $? = 0
configure:6420: ar cru libconftest.a @conftest.lst >&5
ar: `u' modifier ignored since `D' is the default (see `U')
configure:6423: $? = 0
configure:6428: ar cru libconftest.a @conftest.lst >&5
ar: `u' modifier ignored since `D' is the default (see `U')
ar: conftest.o: No such file or directory
configure:6431: $? = 1
configure:6443: result: @
configure:6501: checking for strip
configure:6517: found /usr/bin/strip
configure:6528: result: strip
configure:6600: checking for ranlib
configure:6616: found /usr/bin/ranlib
configure:6627: result: ranlib
configure:6729: checking command to parse /usr/bin/nm -B output from gcc object
configure:6849: gcc -c -g -O2  conftest.c >&5
configure:6852: $? = 0
configure:6856: /usr/bin/nm -B conftest.o \| sed -n -e 's/^.*[ ]\([ABCDGIRSTW][ABCDGIRSTW]*\)[ ][ ]*\([_A-Za-z][_A-Za-z0-9]*\)$/\1 \2 \2/p' | sed '/ __gnu_lto/d' \> conftest.nm
configure:6859: $? = 0
configure:6925: gcc -o conftest -g -O2   conftest.c conftstm.o >&5
configure:6928: $? = 0
configure:6966: result: ok
configure:7003: checking for sysroot
configure:7033: result: no
configure:7110: gcc -c -g -O2  conftest.c >&5
configure:7113: $? = 0
configure:7296: checking for mt
configure:7326: result: no
configure:7346: checking if : is a manifest tool
configure:7352: : '-?'
configure:7360: result: no
configure:8002: checking how to run the C preprocessor
configure:8033: gcc -E  conftest.c
configure:8033: $? = 0
configure:8047: gcc -E  conftest.c
conftest.c:11:28: fatal error: ac_nonexistent.h: No such file or directory
compilation terminated.
configure:8047: $? = 1
configure: failed program was:
| /* confdefs.h */
| #define PACKAGE_NAME "TILP2"
| #define PACKAGE_TARNAME "tilp2"
| #define PACKAGE_VERSION "1.17"
| #define PACKAGE_STRING "TILP2 1.17"
| #define PACKAGE_BUGREPORT "tilp-users@lists.sourceforge.net"
| #define PACKAGE_URL ""
| #define PACKAGE "tilp2"
| #define VERSION "1.17"
| /* end confdefs.h.  */
| #include <ac_nonexistent.h>
configure:8072: result: gcc -E
configure:8092: gcc -E  conftest.c
configure:8092: $? = 0
configure:8106: gcc -E  conftest.c
conftest.c:11:28: fatal error: ac_nonexistent.h: No such file or directory
compilation terminated.
configure:8106: $? = 1
configure: failed program was:
| /* confdefs.h */
| #define PACKAGE_NAME "TILP2"
| #define PACKAGE_TARNAME "tilp2"
| #define PACKAGE_VERSION "1.17"
| #define PACKAGE_STRING "TILP2 1.17"
| #define PACKAGE_BUGREPORT "tilp-users@lists.sourceforge.net"
| #define PACKAGE_URL ""
| #define PACKAGE "tilp2"
| #define VERSION "1.17"
| /* end confdefs.h.  */
| #include <ac_nonexistent.h>
configure:8135: checking for ANSI C header files
configure:8155: gcc -c -g -O2  conftest.c >&5
configure:8155: $? = 0
configure:8228: gcc -o conftest -g -O2   conftest.c  >&5
configure:8228: $? = 0
configure:8228: ./conftest
configure:8228: $? = 0
configure:8239: result: yes
configure:8252: checking for sys/types.h
configure:8252: gcc -c -g -O2  conftest.c >&5
configure:8252: $? = 0
configure:8252: result: yes
configure:8252: checking for sys/stat.h
configure:8252: gcc -c -g -O2  conftest.c >&5
configure:8252: $? = 0
configure:8252: result: yes
configure:8252: checking for stdlib.h
configure:8252: gcc -c -g -O2  conftest.c >&5
configure:8252: $? = 0
configure:8252: result: yes
configure:8252: checking for string.h
configure:8252: gcc -c -g -O2  conftest.c >&5
configure:8252: $? = 0
configure:8252: result: yes
configure:8252: checking for memory.h
configure:8252: gcc -c -g -O2  conftest.c >&5
configure:8252: $? = 0
configure:8252: result: yes
configure:8252: checking for strings.h
configure:8252: gcc -c -g -O2  conftest.c >&5
configure:8252: $? = 0
configure:8252: result: yes
configure:8252: checking for inttypes.h
configure:8252: gcc -c -g -O2  conftest.c >&5
configure:8252: $? = 0
configure:8252: result: yes
configure:8252: checking for stdint.h
configure:8252: gcc -c -g -O2  conftest.c >&5
configure:8252: $? = 0
configure:8252: result: yes
configure:8252: checking for unistd.h
configure:8252: gcc -c -g -O2  conftest.c >&5
configure:8252: $? = 0
configure:8252: result: yes
configure:8266: checking for dlfcn.h
configure:8266: gcc -c -g -O2  conftest.c >&5
configure:8266: $? = 0
configure:8266: result: yes
configure:8440: checking for objdir
configure:8455: result: .libs
configure:8726: checking if gcc supports -fno-rtti -fno-exceptions
configure:8744: gcc -c -g -O2  -fno-rtti -fno-exceptions conftest.c >&5
cc1: warning: command line option '-fno-rtti' is valid for C++/ObjC++ but not for C
configure:8748: $? = 0
configure:8761: result: no
configure:9088: checking for gcc option to produce PIC
configure:9095: result: -fPIC -DPIC
configure:9103: checking if gcc PIC flag -fPIC -DPIC works
configure:9121: gcc -c -g -O2  -fPIC -DPIC -DPIC conftest.c >&5
configure:9125: $? = 0
configure:9138: result: yes
configure:9167: checking if gcc static flag -static works
configure:9195: result: yes
configure:9210: checking if gcc supports -c -o file.o
configure:9231: gcc -c -g -O2  -o out/conftest2.o conftest.c >&5
configure:9235: $? = 0
configure:9257: result: yes
configure:9265: checking if gcc supports -c -o file.o
configure:9312: result: yes
configure:9345: checking whether the gcc linker (/usr/bin/ld -m elf_x86_64) supports shared libraries
configure:10502: result: yes
configure:10539: checking whether -lc should be explicitly linked in
configure:10547: gcc -c -g -O2  conftest.c >&5
configure:10550: $? = 0
configure:10565: gcc -shared  -fPIC -DPIC conftest.o  -v -Wl,-soname -Wl,conftest -o conftest 2\>\&1 \| /usr/bin/grep  -lc  \>/dev/null 2\>\&1
configure:10568: $? = 0
configure:10582: result: no
configure:10742: checking dynamic linker characteristics
configure:11242: gcc -o conftest -g -O2   -Wl,-rpath -Wl,/foo conftest.c  >&5
configure:11242: $? = 0
configure:11476: result: GNU/Linux ld.so
configure:11583: checking how to hardcode library paths into programs
configure:11608: result: immediate
configure:12148: checking whether stripping libraries is possible
configure:12153: result: yes
configure:12188: checking if libtool supports shared libraries
configure:12190: result: yes
configure:12193: checking whether to build shared libraries
configure:12214: result: yes
configure:12217: checking whether to build static libraries
configure:12221: result: no
configure:12308: checking for gcc
configure:12335: result: gcc
configure:12564: checking for C compiler version
configure:12573: gcc --version >&5
gcc (GCC) 5.3.0
Copyright (C) 2015 Free Software Foundation, Inc.
This is free software; see the source for copying conditions.  There is NO
warranty; not even for MERCHANTABILITY or FITNESS FOR A PARTICULAR PURPOSE.

configure:12584: $? = 0
configure:12573: gcc -v >&5
Using built-in specs.
COLLECT_GCC=gcc
COLLECT_LTO_WRAPPER=/usr/lib/gcc/x86_64-unknown-linux-gnu/5.3.0/lto-wrapper
Target: x86_64-unknown-linux-gnu
Configured with: /build/gcc-multilib/src/gcc-5-20160209/configure --prefix=/usr --libdir=/usr/lib --libexecdir=/usr/lib --mandir=/usr/share/man --infodir=/usr/share/info --with-bugurl=https://bugs.archlinux.org/ --enable-languages=c,c++,ada,fortran,go,lto,objc,obj-c++ --enable-shared --enable-threads=posix --enable-libmpx --with-system-zlib --with-isl --enable-__cxa_atexit --disable-libunwind-exceptions --enable-clocale=gnu --disable-libstdcxx-pch --disable-libssp --enable-gnu-unique-object --enable-linker-build-id --enable-lto --enable-plugin --enable-install-libiberty --with-linker-hash-style=gnu --enable-gnu-indirect-function --enable-multilib --disable-werror --enable-checking=release
Thread model: posix
gcc version 5.3.0 (GCC) 
configure:12584: $? = 0
configure:12573: gcc -V >&5
gcc: error: unrecognized command line option '-V'
gcc: fatal error: no input files
compilation terminated.
configure:12584: $? = 1
configure:12573: gcc -qversion >&5
gcc: error: unrecognized command line option '-qversion'
gcc: fatal error: no input files
compilation terminated.
configure:12584: $? = 1
configure:12588: checking whether we are using the GNU C compiler
configure:12616: result: yes
configure:12625: checking whether gcc accepts -g
configure:12686: result: yes
configure:12703: checking for gcc option to accept ISO C89
configure:12779: result: none needed
configure:12801: checking dependency style of gcc
configure:12912: result: gcc3
configure:12985: checking for g++
configure:13001: found /usr/bin/g++
configure:13012: result: g++
configure:13039: checking for C++ compiler version
configure:13048: g++ --version >&5
g++ (GCC) 5.3.0
Copyright (C) 2015 Free Software Foundation, Inc.
This is free software; see the source for copying conditions.  There is NO
warranty; not even for MERCHANTABILITY or FITNESS FOR A PARTICULAR PURPOSE.

configure:13059: $? = 0
configure:13048: g++ -v >&5
Using built-in specs.
COLLECT_GCC=g++
COLLECT_LTO_WRAPPER=/usr/lib/gcc/x86_64-unknown-linux-gnu/5.3.0/lto-wrapper
Target: x86_64-unknown-linux-gnu
Configured with: /build/gcc-multilib/src/gcc-5-20160209/configure --prefix=/usr --libdir=/usr/lib --libexecdir=/usr/lib --mandir=/usr/share/man --infodir=/usr/share/info --with-bugurl=https://bugs.archlinux.org/ --enable-languages=c,c++,ada,fortran,go,lto,objc,obj-c++ --enable-shared --enable-threads=posix --enable-libmpx --with-system-zlib --with-isl --enable-__cxa_atexit --disable-libunwind-exceptions --enable-clocale=gnu --disable-libstdcxx-pch --disable-libssp --enable-gnu-unique-object --enable-linker-build-id --enable-lto --enable-plugin --enable-install-libiberty --with-linker-hash-style=gnu --enable-gnu-indirect-function --enable-multilib --disable-werror --enable-checking=release
Thread model: posix
gcc version 5.3.0 (GCC) 
configure:13059: $? = 0
configure:13048: g++ -V >&5
g++: error: unrecognized command line option '-V'
g++: fatal error: no input files
compilation terminated.
configure:13059: $? = 1
configure:13048: g++ -qversion >&5
g++: error: unrecognized command line option '-qversion'
g++: fatal error: no input files
compilation terminated.
configure:13059: $? = 1
configure:13063: checking whether we are using the GNU C++ compiler
configure:13082: g++ -c   conftest.cpp >&5
configure:13082: $? = 0
configure:13091: result: yes
configure:13100: checking whether g++ accepts -g
configure:13120: g++ -c -g  conftest.cpp >&5
configure:13120: $? = 0
configure:13161: result: yes
configure:13186: checking dependency style of g++
configure:13297: result: gcc3
configure:13330: checking how to run the C++ preprocessor
configure:13357: g++ -E  conftest.cpp
configure:13357: $? = 0
configure:13371: g++ -E  conftest.cpp
conftest.cpp:23:28: fatal error: ac_nonexistent.h: No such file or directory
compilation terminated.
configure:13371: $? = 1
configure: failed program was:
| /* confdefs.h */
| #define PACKAGE_NAME "TILP2"
| #define PACKAGE_TARNAME "tilp2"
| #define PACKAGE_VERSION "1.17"
| #define PACKAGE_STRING "TILP2 1.17"
| #define PACKAGE_BUGREPORT "tilp-users@lists.sourceforge.net"
| #define PACKAGE_URL ""
| #define PACKAGE "tilp2"
| #define VERSION "1.17"
| #define STDC_HEADERS 1
| #define HAVE_SYS_TYPES_H 1
| #define HAVE_SYS_STAT_H 1
| #define HAVE_STDLIB_H 1
| #define HAVE_STRING_H 1
| #define HAVE_MEMORY_H 1
| #define HAVE_STRINGS_H 1
| #define HAVE_INTTYPES_H 1
| #define HAVE_STDINT_H 1
| #define HAVE_UNISTD_H 1
| #define HAVE_DLFCN_H 1
| #define LT_OBJDIR ".libs/"
| /* end confdefs.h.  */
| #include <ac_nonexistent.h>
configure:13396: result: g++ -E
configure:13416: g++ -E  conftest.cpp
configure:13416: $? = 0
configure:13430: g++ -E  conftest.cpp
conftest.cpp:23:28: fatal error: ac_nonexistent.h: No such file or directory
compilation terminated.
configure:13430: $? = 1
configure: failed program was:
| /* confdefs.h */
| #define PACKAGE_NAME "TILP2"
| #define PACKAGE_TARNAME "tilp2"
| #define PACKAGE_VERSION "1.17"
| #define PACKAGE_STRING "TILP2 1.17"
| #define PACKAGE_BUGREPORT "tilp-users@lists.sourceforge.net"
| #define PACKAGE_URL ""
| #define PACKAGE "tilp2"
| #define VERSION "1.17"
| #define STDC_HEADERS 1
| #define HAVE_SYS_TYPES_H 1
| #define HAVE_SYS_STAT_H 1
| #define HAVE_STDLIB_H 1
| #define HAVE_STRING_H 1
| #define HAVE_MEMORY_H 1
| #define HAVE_STRINGS_H 1
| #define HAVE_INTTYPES_H 1
| #define HAVE_STDINT_H 1
| #define HAVE_UNISTD_H 1
| #define HAVE_DLFCN_H 1
| #define LT_OBJDIR ".libs/"
| /* end confdefs.h.  */
| #include <ac_nonexistent.h>
configure:13599: checking for ld used by g++
configure:13666: result: /usr/bin/ld -m elf_x86_64
configure:13673: checking if the linker (/usr/bin/ld -m elf_x86_64) is GNU ld
configure:13688: result: yes
configure:13743: checking whether the g++ linker (/usr/bin/ld -m elf_x86_64) supports shared libraries
configure:14745: result: yes
configure:14781: g++ -c -g -O2  conftest.cpp >&5
configure:14784: $? = 0
configure:15304: checking for g++ option to produce PIC
configure:15311: result: -fPIC -DPIC
configure:15319: checking if g++ PIC flag -fPIC -DPIC works
configure:15337: g++ -c -g -O2  -fPIC -DPIC -DPIC conftest.cpp >&5
configure:15341: $? = 0
configure:15354: result: yes
configure:15377: checking if g++ static flag -static works
configure:15405: result: yes
configure:15417: checking if g++ supports -c -o file.o
configure:15438: g++ -c -g -O2  -o out/conftest2.o conftest.cpp >&5
configure:15442: $? = 0
configure:15464: result: yes
configure:15469: checking if g++ supports -c -o file.o
configure:15516: result: yes
configure:15546: checking whether the g++ linker (/usr/bin/ld -m elf_x86_64) supports shared libraries
configure:15585: result: yes
configure:15726: checking dynamic linker characteristics
configure:16394: result: GNU/Linux ld.so
configure:16447: checking how to hardcode library paths into programs
configure:16472: result: immediate
configure:16513: checking whether gcc and cc understand -c and -o together
configure:16544: gcc -c conftest.c -o conftest2.o >&5
configure:16548: $? = 0
configure:16554: gcc -c conftest.c -o conftest2.o >&5
configure:16558: $? = 0
configure:16569: cc -c conftest.c >&5
configure:16573: $? = 0
configure:16581: cc -c conftest.c -o conftest2.o >&5
configure:16585: $? = 0
configure:16591: cc -c conftest.c -o conftest2.o >&5
configure:16595: $? = 0
configure:16613: result: yes
configure:16639: checking whether make sets $(MAKE)
configure:16661: result: yes
configure:16670: checking whether ln -s works
configure:16674: result: yes
configure:16681: checking for library containing strerror
configure:16712: gcc -o conftest -g -O2   conftest.c  >&5
configure:16712: $? = 0
configure:16729: result: none required
configure:16741: checking for gawk
configure:16768: result: gawk
configure:16781: checking for groff
configure:16797: found /usr/bin/groff
configure:16809: result: yes
configure:16868: checking for windres
configure:16898: result: no
configure:16920: checking whether NLS is requested
configure:16929: result: yes
configure:16947: checking for intltool >= 0.40.0
configure:16949: result: 0.51.0 found
configure:16957: checking for intltool-update
configure:16975: found /usr/bin/intltool-update
configure:16987: result: /usr/bin/intltool-update
configure:16997: checking for intltool-merge
configure:17015: found /usr/bin/intltool-merge
configure:17027: result: /usr/bin/intltool-merge
configure:17037: checking for intltool-extract
configure:17055: found /usr/bin/intltool-extract
configure:17067: result: /usr/bin/intltool-extract
configure:17221: checking for xgettext
configure:17239: found /usr/bin/xgettext
configure:17251: result: /usr/bin/xgettext
configure:17261: checking for msgmerge
configure:17279: found /usr/bin/msgmerge
configure:17291: result: /usr/bin/msgmerge
configure:17301: checking for msgfmt
configure:17319: found /usr/bin/msgfmt
configure:17331: result: /usr/bin/msgfmt
configure:17341: checking for gmsgfmt
configure:17372: result: /usr/bin/msgfmt
configure:17392: checking for perl
configure:17410: found /usr/bin/perl
configure:17422: result: /usr/bin/perl
configure:17433: checking for perl >= 5.8.1
configure:17440: result: 5.22.1
configure:17444: checking for XML::Parser
configure:17447: result: ok
configure:17472: gcc -o conftest -g -O2   conftest.c  >&5
configure:17472: $? = 0
configure:17509: checking locale.h usability
configure:17509: gcc -c -g -O2  conftest.c >&5
configure:17509: $? = 0
configure:17509: result: yes
configure:17509: checking locale.h presence
configure:17509: gcc -E  conftest.c
configure:17509: $? = 0
configure:17509: result: yes
configure:17509: checking for locale.h
configure:17509: result: yes
configure:17520: checking for LC_MESSAGES
configure:17536: gcc -o conftest -g -O2   conftest.c  >&5
configure:17536: $? = 0
configure:17544: result: yes
configure:17561: checking libintl.h usability
configure:17561: gcc -c -g -O2  conftest.c >&5
configure:17561: $? = 0
configure:17561: result: yes
configure:17561: checking libintl.h presence
configure:17561: gcc -E  conftest.c
configure:17561: $? = 0
configure:17561: result: yes
configure:17561: checking for libintl.h
configure:17561: result: yes
configure:17569: checking for ngettext in libc
configure:17587: gcc -o conftest -g -O2   conftest.c  >&5
configure:17587: $? = 0
configure:17596: result: yes
configure:17600: checking for dgettext in libc
configure:17618: gcc -o conftest -g -O2   conftest.c  >&5
configure:17618: $? = 0
configure:17627: result: yes
configure:17634: checking for bind_textdomain_codeset
configure:17634: gcc -o conftest -g -O2   conftest.c  >&5
configure:17634: $? = 0
configure:17634: result: yes
configure:17910: checking for msgfmt
configure:17937: result: /usr/bin/msgfmt
configure:17948: checking for dcgettext
configure:17948: gcc -o conftest -g -O2   conftest.c   >&5
conftest.c:51:6: warning: conflicting types for built-in function 'dcgettext'
 char dcgettext ();
      ^
configure:17948: $? = 0
configure:17948: result: yes
configure:17958: checking if msgfmt accepts -c
configure:17973: $MSGFMT -c -o /dev/null conftest.foo
conftest.foo:3: warning: header field 'Language' missing in header
configure:17976: $? = 0
configure:17978: result: yes
configure:17988: checking for gmsgfmt
configure:18019: result: /usr/bin/msgfmt
configure:18029: checking for xgettext
configure:18056: result: /usr/bin/xgettext
configure:18075: gcc -o conftest -g -O2   conftest.c   >&5
configure:18075: $? = 0
configure:18270: checking for pkg-config
configure:18288: found /usr/bin/pkg-config
configure:18300: result: /usr/bin/pkg-config
configure:18325: checking pkg-config is at least version 0.9.0
configure:18328: result: yes
configure:18338: checking for TICABLES
configure:18345: $PKG_CONFIG --exists --print-errors "ticables2 >= 1.3.0"
Package ticables2 was not found in the pkg-config search path.
Perhaps you should add the directory containing `ticables2.pc'
to the PKG_CONFIG_PATH environment variable
No package 'ticables2' found
configure:18348: $? = 1
configure:18362: $PKG_CONFIG --exists --print-errors "ticables2 >= 1.3.0"
Package ticables2 was not found in the pkg-config search path.
Perhaps you should add the directory containing `ticables2.pc'
to the PKG_CONFIG_PATH environment variable
No package 'ticables2' found
configure:18365: $? = 1
configure:18379: result: no
No package 'ticables2' found
configure:18395: error: Package requirements (ticables2 >= 1.3.0) were not met:

No package 'ticables2' found

Consider adjusting the PKG_CONFIG_PATH environment variable if you
installed software in a non-standard prefix.

Alternatively, you may set the environment variables TICABLES_CFLAGS
and TICABLES_LIBS to avoid the need to call pkg-config.
See the pkg-config man page for more details.

## ---------------- ##
## Cache variables. ##
## ---------------- ##

ac_cv_build=x86_64-unknown-linux-gnu
ac_cv_c_compiler_gnu=yes
ac_cv_cxx_compiler_gnu=yes
ac_cv_env_CCC_set=
ac_cv_env_CCC_value=
ac_cv_env_CC_FOR_BUILD_set=
ac_cv_env_CC_FOR_BUILD_value=
ac_cv_env_CC_set=
ac_cv_env_CC_value=
ac_cv_env_CFLAGS_FOR_BUILD_set=
ac_cv_env_CFLAGS_FOR_BUILD_value=
ac_cv_env_CFLAGS_set=
ac_cv_env_CFLAGS_value=
ac_cv_env_CPPFLAGS_set=
ac_cv_env_CPPFLAGS_value=
ac_cv_env_CPP_set=
ac_cv_env_CPP_value=
ac_cv_env_CXXCPP_set=
ac_cv_env_CXXCPP_value=
ac_cv_env_CXXFLAGS_set=
ac_cv_env_CXXFLAGS_value=
ac_cv_env_CXX_set=
ac_cv_env_CXX_value=
ac_cv_env_GLIB_CFLAGS_set=
ac_cv_env_GLIB_CFLAGS_value=
ac_cv_env_GLIB_LIBS_set=
ac_cv_env_GLIB_LIBS_value=
ac_cv_env_GTK_CFLAGS_set=
ac_cv_env_GTK_CFLAGS_value=
ac_cv_env_GTK_LIBS_set=
ac_cv_env_GTK_LIBS_value=
ac_cv_env_LDFLAGS_set=
ac_cv_env_LDFLAGS_value=
ac_cv_env_LIBS_set=
ac_cv_env_LIBS_value=
ac_cv_env_PKG_CONFIG_LIBDIR_set=
ac_cv_env_PKG_CONFIG_LIBDIR_value=
ac_cv_env_PKG_CONFIG_PATH_set=
ac_cv_env_PKG_CONFIG_PATH_value=
ac_cv_env_PKG_CONFIG_set=
ac_cv_env_PKG_CONFIG_value=
ac_cv_env_TICABLES_CFLAGS_set=
ac_cv_env_TICABLES_CFLAGS_value=
ac_cv_env_TICABLES_LIBS_set=
ac_cv_env_TICABLES_LIBS_value=
ac_cv_env_TICALCS_CFLAGS_set=
ac_cv_env_TICALCS_CFLAGS_value=
ac_cv_env_TICALCS_LIBS_set=
ac_cv_env_TICALCS_LIBS_value=
ac_cv_env_TICONV_CFLAGS_set=
ac_cv_env_TICONV_CFLAGS_value=
ac_cv_env_TICONV_LIBS_set=
ac_cv_env_TICONV_LIBS_value=
ac_cv_env_TIFILES_CFLAGS_set=
ac_cv_env_TIFILES_CFLAGS_value=
ac_cv_env_TIFILES_LIBS_set=
ac_cv_env_TIFILES_LIBS_value=
ac_cv_env_XMKMF_set=
ac_cv_env_XMKMF_value=
ac_cv_env_build_alias_set=
ac_cv_env_build_alias_value=
ac_cv_env_host_alias_set=
ac_cv_env_host_alias_value=
ac_cv_env_target_alias_set=
ac_cv_env_target_alias_value=
ac_cv_func_bind_textdomain_codeset=yes
ac_cv_func_dcgettext=yes
ac_cv_header_dlfcn_h=yes
ac_cv_header_inttypes_h=yes
ac_cv_header_libintl_h=yes
ac_cv_header_locale_h=yes
ac_cv_header_memory_h=yes
ac_cv_header_stdc=yes
ac_cv_header_stdint_h=yes
ac_cv_header_stdlib_h=yes
ac_cv_header_string_h=yes
ac_cv_header_strings_h=yes
ac_cv_header_sys_stat_h=yes
ac_cv_header_sys_types_h=yes
ac_cv_header_unistd_h=yes
ac_cv_host=x86_64-unknown-linux-gnu
ac_cv_objext=o
ac_cv_path_EGREP='/usr/bin/grep -E'
ac_cv_path_FGREP='/usr/bin/grep -F'
ac_cv_path_GMSGFMT=/usr/bin/msgfmt
ac_cv_path_GREP=/usr/bin/grep
ac_cv_path_INTLTOOL_EXTRACT=/usr/bin/intltool-extract
ac_cv_path_INTLTOOL_MERGE=/usr/bin/intltool-merge
ac_cv_path_INTLTOOL_PERL=/usr/bin/perl
ac_cv_path_INTLTOOL_UPDATE=/usr/bin/intltool-update
ac_cv_path_MSGFMT=/usr/bin/msgfmt
ac_cv_path_MSGMERGE=/usr/bin/msgmerge
ac_cv_path_SED=/usr/bin/sed
ac_cv_path_XGETTEXT=/usr/bin/xgettext
ac_cv_path_ac_pt_PKG_CONFIG=/usr/bin/pkg-config
ac_cv_path_install='/usr/bin/install -c'
ac_cv_path_mkdir=/usr/bin/mkdir
ac_cv_prog_AWK=gawk
ac_cv_prog_CPP='gcc -E'
ac_cv_prog_CXXCPP='g++ -E'
ac_cv_prog_GROFF=yes
ac_cv_prog_ac_ct_AR=ar
ac_cv_prog_ac_ct_CC=gcc
ac_cv_prog_ac_ct_CXX=g++
ac_cv_prog_ac_ct_DLLTOOL=dlltool
ac_cv_prog_ac_ct_OBJDUMP=objdump
ac_cv_prog_ac_ct_RANLIB=ranlib
ac_cv_prog_ac_ct_STRIP=strip
ac_cv_prog_cc_c89=
ac_cv_prog_cc_g=yes
ac_cv_prog_cc_gcc_c_o=yes
ac_cv_prog_cxx_g=yes
ac_cv_prog_make_make_set=yes
ac_cv_search_strerror='none required'
am_cv_CC_dependencies_compiler_type=gcc3
am_cv_CXX_dependencies_compiler_type=gcc3
am_cv_val_LC_MESSAGES=yes
gt_cv_func_dgettext_libc=yes
gt_cv_func_dgettext_libintl=no
gt_cv_func_ngettext_libc=yes
gt_cv_have_gettext=yes
lt_cv_ar_at_file=@
lt_cv_archive_cmds_need_lc=no
lt_cv_deplibs_check_method=pass_all
lt_cv_file_magic_cmd='$MAGIC_CMD'
lt_cv_file_magic_test_file=
lt_cv_ld_reload_flag=-r
lt_cv_nm_interface='BSD nm'
lt_cv_objdir=.libs
lt_cv_path_LD=/usr/bin/ld
lt_cv_path_LDCXX='/usr/bin/ld -m elf_x86_64'
lt_cv_path_NM='/usr/bin/nm -B'
lt_cv_path_mainfest_tool=no
lt_cv_prog_compiler_c_o=yes
lt_cv_prog_compiler_c_o_CXX=yes
lt_cv_prog_compiler_pic='-fPIC -DPIC'
lt_cv_prog_compiler_pic_CXX='-fPIC -DPIC'
lt_cv_prog_compiler_pic_works=yes
lt_cv_prog_compiler_pic_works_CXX=yes
lt_cv_prog_compiler_rtti_exceptions=no
lt_cv_prog_compiler_static_works=yes
lt_cv_prog_compiler_static_works_CXX=yes
lt_cv_prog_gnu_ld=yes
lt_cv_prog_gnu_ldcxx=yes
lt_cv_sharedlib_from_linklib_cmd='printf %s\n'
lt_cv_shlibpath_overrides_runpath=no
lt_cv_sys_global_symbol_pipe='sed -n -e '\''s/^.*[	 ]\([ABCDGIRSTW][ABCDGIRSTW]*\)[	 ][	 ]*\([_A-Za-z][_A-Za-z0-9]*\)$/\1 \2 \2/p'\'' | sed '\''/ __gnu_lto/d'\'''
lt_cv_sys_global_symbol_to_c_name_address='sed -n -e '\''s/^: \([^ ]*\)[ ]*$/  {\"\1\", (void *) 0},/p'\'' -e '\''s/^[ABCDGIRSTW]* \([^ ]*\) \([^ ]*\)$/  {"\2", (void *) \&\2},/p'\'''
lt_cv_sys_global_symbol_to_c_name_address_lib_prefix='sed -n -e '\''s/^: \([^ ]*\)[ ]*$/  {\"\1\", (void *) 0},/p'\'' -e '\''s/^[ABCDGIRSTW]* \([^ ]*\) \(lib[^ ]*\)$/  {"\2", (void *) \&\2},/p'\'' -e '\''s/^[ABCDGIRSTW]* \([^ ]*\) \([^ ]*\)$/  {"lib\2", (void *) \&\2},/p'\'''
lt_cv_sys_global_symbol_to_cdecl='sed -n -e '\''s/^T .* \(.*\)$/extern int \1();/p'\'' -e '\''s/^[ABCDGIRSTW]* .* \(.*\)$/extern char \1;/p'\'''
lt_cv_sys_max_cmd_len=1572864
lt_cv_to_host_file_cmd=func_convert_file_noop
lt_cv_to_tool_file_cmd=func_convert_file_noop

## ----------------- ##
## Output variables. ##
## ----------------- ##

ACLOCAL='${SHELL} /home/maximaximal/Dokumente/Programmieren/TiSuite/TiLP/missing --run aclocal-1.11'
ALL_LINGUAS=''
AMDEPBACKSLASH='\'
AMDEP_FALSE='#'
AMDEP_TRUE=''
AMTAR='$${TAR-tar}'
AM_DEFAULT_VERBOSITY='1'
AR='ar'
AS='as'
AUTOCONF='${SHELL} /home/maximaximal/Dokumente/Programmieren/TiSuite/TiLP/missing --run autoconf'
AUTODIRS=''
AUTOHEADER='${SHELL} /home/maximaximal/Dokumente/Programmieren/TiSuite/TiLP/missing --run autoheader'
AUTOMAKE='${SHELL} /home/maximaximal/Dokumente/Programmieren/TiSuite/TiLP/missing --run automake-1.11'
AWK='gawk'
CATALOGS=''
CATOBJEXT='.gmo'
CC='gcc'
CCDEPMODE='depmode=gcc3'
CC_FOR_BUILD=''
CFLAGS='-g -O2'
CFLAGS_FOR_BUILD=''
CPP='gcc -E'
CPPFLAGS=''
CXX='g++'
CXXCPP='g++ -E'
CXXDEPMODE='depmode=gcc3'
CXXFLAGS='-g -O2'
CYGPATH_W='echo'
DATADIRNAME='share'
DCOPIDL2CPP=''
DCOPIDL=''
DCOP_DEPENDENCIES=''
DEFS=''
DEPDIR='.deps'
DLLTOOL='dlltool'
DSYMUTIL=''
DUMPBIN=''
ECHO_C=''
ECHO_N='-n'
ECHO_T=''
EGREP='/usr/bin/grep -E'
EXEEXT=''
FGREP='/usr/bin/grep -F'
GETTEXT_PACKAGE='tilp2'
GLIB_CFLAGS=''
GLIB_LIBS=''
GMOFILES=''
GMSGFMT='/usr/bin/msgfmt'
GREP='/usr/bin/grep'
GROFF='yes'
GTK_CFLAGS=''
GTK_LIBS=''
INSTALL_DATA='${INSTALL} -m 644'
INSTALL_PROGRAM='${INSTALL} $(INSTALL_STRIP_FLAG)'
INSTALL_SCRIPT='${INSTALL}'
INSTALL_STRIP_PROGRAM='$(install_sh) -c -s'
INSTOBJEXT='.mo'
INTLLIBS=''
INTLTOOL_CAVES_RULE='%.caves:     %.caves.in     $(INTLTOOL_MERGE) $(wildcard $(top_srcdir)/po/*.po) ; $(INTLTOOL_V_MERGE)LC_ALL=C $(INTLTOOL_MERGE) $(INTLTOOL_V_MERGE_OPTIONS) -d -u -c $(top_builddir)/po/.intltool-merge-cache $(top_srcdir)/po $< $@'
INTLTOOL_DESKTOP_RULE='%.desktop:   %.desktop.in   $(INTLTOOL_MERGE) $(wildcard $(top_srcdir)/po/*.po) ; $(INTLTOOL_V_MERGE)LC_ALL=C $(INTLTOOL_MERGE) $(INTLTOOL_V_MERGE_OPTIONS) -d -u -c $(top_builddir)/po/.intltool-merge-cache $(top_srcdir)/po $< $@'
INTLTOOL_DIRECTORY_RULE='%.directory: %.directory.in $(INTLTOOL_MERGE) $(wildcard $(top_srcdir)/po/*.po) ; $(INTLTOOL_V_MERGE)LC_ALL=C $(INTLTOOL_MERGE) $(INTLTOOL_V_MERGE_OPTIONS) -d -u -c $(top_builddir)/po/.intltool-merge-cache $(top_srcdir)/po $< $@'
INTLTOOL_EXTRACT='/usr/bin/intltool-extract'
INTLTOOL_KBD_RULE='%.kbd:       %.kbd.in       $(INTLTOOL_MERGE) $(wildcard $(top_srcdir)/po/*.po) ; $(INTLTOOL_V_MERGE)LC_ALL=C $(INTLTOOL_MERGE) $(INTLTOOL_V_MERGE_OPTIONS) -x -u -m -c $(top_builddir)/po/.intltool-merge-cache $(top_srcdir)/po $< $@'
INTLTOOL_KEYS_RULE='%.keys:      %.keys.in      $(INTLTOOL_MERGE) $(wildcard $(top_srcdir)/po/*.po) ; $(INTLTOOL_V_MERGE)LC_ALL=C $(INTLTOOL_MERGE) $(INTLTOOL_V_MERGE_OPTIONS) -k -u -c $(top_builddir)/po/.intltool-merge-cache $(top_srcdir)/po $< $@'
INTLTOOL_MERGE='/usr/bin/intltool-merge'
INTLTOOL_OAF_RULE='%.oaf:       %.oaf.in       $(INTLTOOL_MERGE) $(wildcard $(top_srcdir)/po/*.po) ; $(INTLTOOL_V_MERGE)LC_ALL=C $(INTLTOOL_MERGE) $(INTLTOOL_V_MERGE_OPTIONS) -o -p $(top_srcdir)/po $< $@'
INTLTOOL_PERL='/usr/bin/perl'
INTLTOOL_POLICY_RULE='%.policy:    %.policy.in    $(INTLTOOL_MERGE) $(wildcard $(top_srcdir)/po/*.po) ; $(INTLTOOL_V_MERGE)LC_ALL=C $(INTLTOOL_MERGE) $(INTLTOOL_V_MERGE_OPTIONS) -x -u -c $(top_builddir)/po/.intltool-merge-cache $(top_srcdir)/po $< $@'
INTLTOOL_PONG_RULE='%.pong:      %.pong.in      $(INTLTOOL_MERGE) $(wildcard $(top_srcdir)/po/*.po) ; $(INTLTOOL_V_MERGE)LC_ALL=C $(INTLTOOL_MERGE) $(INTLTOOL_V_MERGE_OPTIONS) -x -u -c $(top_builddir)/po/.intltool-merge-cache $(top_srcdir)/po $< $@'
INTLTOOL_PROP_RULE='%.prop:      %.prop.in      $(INTLTOOL_MERGE) $(wildcard $(top_srcdir)/po/*.po) ; $(INTLTOOL_V_MERGE)LC_ALL=C $(INTLTOOL_MERGE) $(INTLTOOL_V_MERGE_OPTIONS) -d -u -c $(top_builddir)/po/.intltool-merge-cache $(top_srcdir)/po $< $@'
INTLTOOL_SCHEMAS_RULE='%.schemas:   %.schemas.in   $(INTLTOOL_MERGE) $(wildcard $(top_srcdir)/po/*.po) ; $(INTLTOOL_V_MERGE)LC_ALL=C $(INTLTOOL_MERGE) $(INTLTOOL_V_MERGE_OPTIONS) -s -u -c $(top_builddir)/po/.intltool-merge-cache $(top_srcdir)/po $< $@'
INTLTOOL_SERVER_RULE='%.server:    %.server.in    $(INTLTOOL_MERGE) $(wildcard $(top_srcdir)/po/*.po) ; $(INTLTOOL_V_MERGE)LC_ALL=C $(INTLTOOL_MERGE) $(INTLTOOL_V_MERGE_OPTIONS) -o -u -c $(top_builddir)/po/.intltool-merge-cache $(top_srcdir)/po $< $@'
INTLTOOL_SERVICE_RULE='%.service: %.service.in   $(INTLTOOL_MERGE) $(wildcard $(top_srcdir)/po/*.po) ; $(INTLTOOL_V_MERGE)LC_ALL=C $(INTLTOOL_MERGE) $(INTLTOOL_V_MERGE_OPTIONS) -d -u -c $(top_builddir)/po/.intltool-merge-cache $(top_srcdir)/po $< $@'
INTLTOOL_SHEET_RULE='%.sheet:     %.sheet.in     $(INTLTOOL_MERGE) $(wildcard $(top_srcdir)/po/*.po) ; $(INTLTOOL_V_MERGE)LC_ALL=C $(INTLTOOL_MERGE) $(INTLTOOL_V_MERGE_OPTIONS) -x -u -c $(top_builddir)/po/.intltool-merge-cache $(top_srcdir)/po $< $@'
INTLTOOL_SOUNDLIST_RULE='%.soundlist: %.soundlist.in $(INTLTOOL_MERGE) $(wildcard $(top_srcdir)/po/*.po) ; $(INTLTOOL_V_MERGE)LC_ALL=C $(INTLTOOL_MERGE) $(INTLTOOL_V_MERGE_OPTIONS) -d -u -c $(top_builddir)/po/.intltool-merge-cache $(top_srcdir)/po $< $@'
INTLTOOL_THEME_RULE='%.theme:     %.theme.in     $(INTLTOOL_MERGE) $(wildcard $(top_srcdir)/po/*.po) ; $(INTLTOOL_V_MERGE)LC_ALL=C $(INTLTOOL_MERGE) $(INTLTOOL_V_MERGE_OPTIONS) -d -u -c $(top_builddir)/po/.intltool-merge-cache $(top_srcdir)/po $< $@'
INTLTOOL_UI_RULE='%.ui:        %.ui.in        $(INTLTOOL_MERGE) $(wildcard $(top_srcdir)/po/*.po) ; $(INTLTOOL_V_MERGE)LC_ALL=C $(INTLTOOL_MERGE) $(INTLTOOL_V_MERGE_OPTIONS) -x -u -c $(top_builddir)/po/.intltool-merge-cache $(top_srcdir)/po $< $@'
INTLTOOL_UPDATE='/usr/bin/intltool-update'
INTLTOOL_V_MERGE='$(INTLTOOL__v_MERGE_$(V))'
INTLTOOL_V_MERGE_OPTIONS='$(intltool__v_merge_options_$(V))'
INTLTOOL_XAM_RULE='%.xam:       %.xml.in       $(INTLTOOL_MERGE) $(wildcard $(top_srcdir)/po/*.po) ; $(INTLTOOL_V_MERGE)LC_ALL=C $(INTLTOOL_MERGE) $(INTLTOOL_V_MERGE_OPTIONS) -x -u -c $(top_builddir)/po/.intltool-merge-cache $(top_srcdir)/po $< $@'
INTLTOOL_XML_NOMERGE_RULE='%.xml:       %.xml.in       $(INTLTOOL_MERGE) ; $(INTLTOOL_V_MERGE)LC_ALL=C $(INTLTOOL_MERGE) $(INTLTOOL_V_MERGE_OPTIONS) -x -u --no-translations $< $@'
INTLTOOL_XML_RULE='%.xml:       %.xml.in       $(INTLTOOL_MERGE) $(wildcard $(top_srcdir)/po/*.po) ; $(INTLTOOL_V_MERGE)LC_ALL=C $(INTLTOOL_MERGE) $(INTLTOOL_V_MERGE_OPTIONS) -x -u -c $(top_builddir)/po/.intltool-merge-cache $(top_srcdir)/po $< $@'
INTLTOOL__v_MERGE_0='@echo "  ITMRG " $@;'
INTLTOOL__v_MERGE_='$(INTLTOOL__v_MERGE_$(AM_DEFAULT_VERBOSITY))'
KDECONFIG=''
KDE_EXTRA_RPATH=''
KDE_INCLUDES=''
KDE_LDFLAGS=''
KDE_MT_LDFLAGS=''
KDE_MT_LIBS=''
KDE_RPATH=''
LD='/usr/bin/ld -m elf_x86_64'
LDFLAGS=''
LIBCOMPAT=''
LIBCRYPT=''
LIBDL=''
LIBJPEG=''
LIBOBJS=''
LIBPNG=''
LIBPTHREAD=''
LIBRESOLV=''
LIBS=''
LIBSM=''
LIBSOCKET=''
LIBTOOL='$(SHELL) $(top_builddir)/libtool'
LIBUCB=''
LIBUTIL=''
LIBXINERAMA=''
LIBZ=''
LIB_KAB=''
LIB_KDECORE=''
LIB_KDEPRINT=''
LIB_KDEUI=''
LIB_KFILE=''
LIB_KFM=''
LIB_KHTML=''
LIB_KIO=''
LIB_KPARTS=''
LIB_KSPELL=''
LIB_KSYCOCA=''
LIB_QPE=''
LIB_QT=''
LIB_SMB=''
LIB_X11=''
LIB_XEXT=''
LIPO=''
LN_S='ln -s'
LTLIBOBJS=''
MAINT='#'
MAINTAINER_MODE_FALSE=''
MAINTAINER_MODE_TRUE='#'
MAKEINFO='${SHELL} /home/maximaximal/Dokumente/Programmieren/TiSuite/TiLP/missing --run makeinfo'
MANIFEST_TOOL=':'
MKDIR_P='/usr/bin/mkdir -p'
MKINSTALLDIRS='./mkinstalldirs'
MOC=''
MSGFMT='/usr/bin/msgfmt'
MSGFMT_OPTS='-c'
MSGMERGE='/usr/bin/msgmerge'
NM='/usr/bin/nm -B'
NMEDIT=''
OBJDUMP='objdump'
OBJEXT='o'
OS_WIN32_FALSE=''
OS_WIN32_TRUE=''
OTOOL64=''
OTOOL=''
PACKAGE='tilp2'
PACKAGE_BUGREPORT='tilp-users@lists.sourceforge.net'
PACKAGE_NAME='TILP2'
PACKAGE_STRING='TILP2 1.17'
PACKAGE_TARNAME='tilp2'
PACKAGE_URL=''
PACKAGE_VERSION='1.17'
PATH_SEPARATOR=':'
PKG_CONFIG='/usr/bin/pkg-config'
PKG_CONFIG_LIBDIR=''
PKG_CONFIG_PATH=''
POFILES=''
POSUB='po'
PO_IN_DATADIR_FALSE=''
PO_IN_DATADIR_TRUE=''
QTE_NORTTI=''
QT_INCLUDES=''
QT_LDFLAGS=''
RANLIB='ranlib'
RC='windres'
SED='/usr/bin/sed'
SET_MAKE=''
SHELL='/bin/sh'
STRIP='strip'
TICABLES_CFLAGS=''
TICABLES_LIBS=''
TICALCS_CFLAGS=''
TICALCS_LIBS=''
TICONV_CFLAGS=''
TICONV_LIBS=''
TIFILES_CFLAGS=''
TIFILES_LIBS=''
UIC=''
UIC_TR=''
USER_INCLUDES=''
USER_LDFLAGS=''
USE_GROFF_FALSE='#'
USE_GROFF_TRUE=''
USE_KDE_FALSE=''
USE_KDE_TRUE=''
USE_NLS='yes'
USE_THREADS=''
VERSION='1.17'
XGETTEXT='/usr/bin/xgettext'
XMKMF=''
X_EXTRA_LIBS=''
X_INCLUDES=''
X_LDFLAGS=''
X_PRE_LIBS=''
ac_ct_AR='ar'
ac_ct_CC='gcc'
ac_ct_CXX='g++'
ac_ct_DUMPBIN=''
all_includes=''
all_libraries=''
am__EXEEXT_FALSE=''
am__EXEEXT_TRUE=''
am__fastdepCC_FALSE='#'
am__fastdepCC_TRUE=''
am__fastdepCXX_FALSE='#'
am__fastdepCXX_TRUE=''
am__include='include'
am__isrc=''
am__leading_dot='.'
am__nodep='_no'
am__quote=''
am__tar='$${TAR-tar} chof - "$$tardir"'
am__untar='$${TAR-tar} xf -'
bindir='${exec_prefix}/bin'
build='x86_64-unknown-linux-gnu'
build_alias=''
build_cpu='x86_64'
build_os='linux-gnu'
build_vendor='unknown'
datadir='${datarootdir}'
datarootdir='${prefix}/share'
docdir='${datarootdir}/doc/${PACKAGE_TARNAME}'
dvidir='${docdir}'
exec_prefix='NONE'
host='x86_64-unknown-linux-gnu'
host_alias=''
host_cpu='x86_64'
host_os='linux-gnu'
host_vendor='unknown'
htmldir='${docdir}'
includedir='${prefix}/include'
infodir='${datarootdir}/info'
install_sh='${SHELL} /home/maximaximal/Dokumente/Programmieren/TiSuite/TiLP/install-sh'
intltool__v_merge_options_0='-q'
intltool__v_merge_options_='$(intltool__v_merge_options_$(AM_DEFAULT_VERBOSITY))'
kde=''
kde_appsdir=''
kde_bindir=''
kde_confdir=''
kde_datadir=''
kde_htmldir=''
kde_icondir=''
kde_includes=''
kde_libraries=''
kde_libs_htmldir=''
kde_libs_prefix=''
kde_locale=''
kde_mimedir=''
kde_moduledir=''
kde_qtver=''
kde_servicesdir=''
kde_servicetypesdir=''
kde_sounddir=''
kde_styledir=''
kde_templatesdir=''
kde_wallpaperdir=''
kde_widgetdir=''
libdir='${exec_prefix}/lib'
libexecdir='${exec_prefix}/libexec'
localedir='${datarootdir}/locale'
localstatedir='${prefix}/var'
mandir='${datarootdir}/man'
mkdir_p='/usr/bin/mkdir -p'
oldincludedir='/usr/include'
pdfdir='${docdir}'
prefix='NONE'
program_transform_name='s,x,x,'
psdir='${docdir}'
qt_includes=''
qt_libraries=''
sbindir='${exec_prefix}/sbin'
sharedstatedir='${prefix}/com'
sysconfdir='${prefix}/etc'
target_alias=''
x_includes='NONE'
x_libraries='NONE'

## ----------- ##
## confdefs.h. ##
## ----------- ##

/* confdefs.h */
#define PACKAGE_NAME "TILP2"
#define PACKAGE_TARNAME "tilp2"
#define PACKAGE_VERSION "1.17"
#define PACKAGE_STRING "TILP2 1.17"
#define PACKAGE_BUGREPORT "tilp-users@lists.sourceforge.net"
#define PACKAGE_URL ""
#define PACKAGE "tilp2"
#define VERSION "1.17"
#define STDC_HEADERS 1
#define HAVE_SYS_TYPES_H 1
#define HAVE_SYS_STAT_H 1
#define HAVE_STDLIB_H 1
#define HAVE_STRING_H 1
#define HAVE_MEMORY_H 1
#define HAVE_STRINGS_H 1
#define HAVE_INTTYPES_H 1
#define HAVE_STDINT_H 1
#define HAVE_UNISTD_H 1
#define HAVE_DLFCN_H 1
#define LT_OBJDIR ".libs/"
#define GETTEXT_PACKAGE "tilp2"
#define HAVE_LOCALE_H 1
#define HAVE_LC_MESSAGES 1
#define HAVE_BIND_TEXTDOMAIN_CODESET 1
#define HAVE_GETTEXT 1
#define HAVE_DCGETTEXT 1
#define ENABLE_NLS 1

configure: exit 1
